00:00:00.044 |I| Configuration LogValueChange: ResScale set to: 1
00:00:00.048 |I| Configuration LogValueChange: ResScaleCustom set to: 1
00:00:00.048 |I| Configuration LogValueChange: MaxAnisotropy set to: -1
00:00:00.049 |I| Configuration LogValueChange: AspectRatio set to: Fixed16x9
00:00:00.050 |I| Configuration LogValueChange: BackendThreading set to: Auto
00:00:00.050 |I| Configuration LogValueChange: GraphicsBackend set to: OpenGl
00:00:00.051 |I| Configuration LogValueChange: PreferredGpu set to: 
00:00:00.053 |I| Configuration LogValueChange: EnableDockedMode set to: True
00:00:00.062 |I| Configuration LogValueChange: EnableVsync set to: True
00:00:00.062 |I| Configuration LogValueChange: EnableShaderCache set to: True
00:00:00.062 |I| Configuration LogValueChange: EnableTextureRecompression set to: False
00:00:00.062 |I| Configuration LogValueChange: EnableMacroHLE set to: True
00:00:00.062 |I| Configuration LogValueChange: EnablePtc set to: True
00:00:00.062 |I| Configuration LogValueChange: EnableInternetAccess set to: False
00:00:00.062 |I| Configuration LogValueChange: EnableFsIntegrityChecks set to: True
00:00:00.062 |I| Configuration LogValueChange: FsGlobalAccessLogMode set to: 0
00:00:00.063 |I| Configuration LogValueChange: AudioBackend set to: SDL2
00:00:00.063 |I| Configuration LogValueChange: AudioVolume set to: 1
00:00:00.063 |I| Configuration LogValueChange: MemoryManagerMode set to: HostMappedUnsafe
00:00:00.063 |I| Configuration LogValueChange: ExpandRam set to: False
00:00:00.063 |I| Configuration LogValueChange: IgnoreMissingServices set to: False
00:00:00.063 |I| Configuration LogValueChange: UseHypervisor set to: True
00:00:00.070 |N| Application PrintSystemInfo: Ryujinx Version: 1.1.0-ldn3.1.0
00:00:00.075 |N| Application Print: Operating System: Microsoft Windows 10.0.19045 (X64)
00:00:00.075 |N| Application Print: CPU: Intel(R) Core(TM) i5-10200H CPU @ 2.40GHz ; 8 logical
00:00:00.075 |N| Application Print: RAM: Total 16251 MiB ; Available 5867 MiB
00:00:00.078 |N| Application PrintSystemInfo: Logs Enabled: Info, Warning, Error, Guest, Stub
00:00:00.078 |N| Application PrintSystemInfo: Launch Mode: UserProfile
00:04:27.867 |I| Configuration LogValueChange: GraphicsBackend set to: Vulkan
00:04:27.867 |I| Configuration LogValueChange: PreferredGpu set to: 0x10DE_0x1F95
00:04:27.867 |I| Configuration LogValueChange: EnableFileLog set to: False
